[2021-01-19T00:29:13.013Z] [org.springframework.boot.StartupInfoLogger] [main] [48] [INFO ] Starting LogbackLoggingApplication on boomba with PID 42232 (E:\STSWorkspace\LogbackLogging\target\classes started by boomba in E:\STSWorkspace\LogbackLogging)
[2021-01-19T00:29:13.013Z] [org.springframework.boot.SpringApplication] [main] [593] [INFO ] No active profile set, falling back to default profiles: default
[2021-01-19T00:29:13.013Z] [org.springframework.context.support.AbstractApplicationContext] [main] [583] [INFO ] Refreshing org.springframework.boot.context.embedded.AnnotationConfigEmbeddedWebApplicationContext@55a1c291: startup date [Tue Jan 19 00:29:13 IST 2021]; root of context hierarchy
[2021-01-19T00:29:13.013Z] [org.hibernate.validator.internal.util.Version] [background-preinit] [30] [INFO ] HV000001: Hibernate Validator 5.3.6.Final
[2021-01-19T00:29:14.014Z] [org.springframework.boot.context.embedded.tomcat.TomcatEmbeddedServletContainer] [main] [89] [INFO ] Tomcat initialized with port(s): 9040 (http)
[2021-01-19T00:29:14.014Z] [org.apache.juli.logging.DirectJDKLog] [main] [179] [INFO ] Starting service [Tomcat]
[2021-01-19T00:29:14.014Z] [org.apache.juli.logging.DirectJDKLog] [main] [179] [INFO ] Starting Servlet Engine: Apache Tomcat/8.5.23
[2021-01-19T00:29:14.014Z] [org.apache.juli.logging.DirectJDKLog] [localhost-startStop-1] [179] [INFO ] Initializing Spring embedded WebApplicationContext
[2021-01-19T00:29:14.014Z] [org.springframework.boot.context.embedded.EmbeddedWebApplicationContext] [localhost-startStop-1] [276] [INFO ] Root WebApplicationContext: initialization completed in 1187 ms
[2021-01-19T00:29:14.014Z] [org.springframework.boot.web.servlet.ServletRegistrationBean] [localhost-startStop-1] [190] [INFO ] Mapping servlet: 'dispatcherServlet' to [/]
[2021-01-19T00:29:14.014Z] [org.springframework.boot.web.servlet.AbstractFilterRegistrationBean] [localhost-startStop-1] [258] [INFO ] Mapping filter: 'characterEncodingFilter' to: [/*]
[2021-01-19T00:29:14.014Z] [org.springframework.boot.web.servlet.AbstractFilterRegistrationBean] [localhost-startStop-1] [258] [INFO ] Mapping filter: 'hiddenHttpMethodFilter' to: [/*]
[2021-01-19T00:29:14.014Z] [org.springframework.boot.web.servlet.AbstractFilterRegistrationBean] [localhost-startStop-1] [258] [INFO ] Mapping filter: 'httpPutFormContentFilter' to: [/*]
[2021-01-19T00:29:14.014Z] [org.springframework.boot.web.servlet.AbstractFilterRegistrationBean] [localhost-startStop-1] [258] [INFO ] Mapping filter: 'requestContextFilter' to: [/*]
[2021-01-19T00:29:14.014Z] [org.springframework.web.servlet.mvc.method.annotation.RequestMappingHandlerAdapter] [main] [534] [INFO ] Looking for @ControllerAdvice: org.springframework.boot.context.embedded.AnnotationConfigEmbeddedWebApplicationContext@55a1c291: startup date [Tue Jan 19 00:29:13 IST 2021]; root of context hierarchy
[2021-01-19T00:29:14.014Z] [org.springframework.web.servlet.handler.AbstractHandlerMethodMapping$MappingRegistry] [main] [543] [INFO ] Mapped "{[/]}" onto public java.lang.String com.example.demo.LogbackLoggingApplication.index()
[2021-01-19T00:29:14.014Z] [org.springframework.web.servlet.handler.AbstractHandlerMethodMapping$MappingRegistry] [main] [543] [INFO ] Mapped "{[/error]}" onto public org.springframework.http.ResponseEntity<java.util.Map<java.lang.String, java.lang.Object>> org.springframework.boot.autoconfigure.web.BasicErrorController.error(javax.servlet.http.HttpServletRequest)
[2021-01-19T00:29:14.014Z] [org.springframework.web.servlet.handler.AbstractHandlerMethodMapping$MappingRegistry] [main] [543] [INFO ] Mapped "{[/error],produces=[text/html]}" onto public org.springframework.web.servlet.ModelAndView org.springframework.boot.autoconfigure.web.BasicErrorController.errorHtml(javax.servlet.http.HttpServletRequest,javax.servlet.http.HttpServletResponse)
[2021-01-19T00:29:14.014Z] [org.springframework.web.servlet.handler.AbstractUrlHandlerMapping] [main] [362] [INFO ] Mapped URL path [/webjars/**] onto handler of type [class org.springframework.web.servlet.resource.ResourceHttpRequestHandler]
[2021-01-19T00:29:14.014Z] [org.springframework.web.servlet.handler.AbstractUrlHandlerMapping] [main] [362] [INFO ] Mapped URL path [/**] onto handler of type [class org.springframework.web.servlet.resource.ResourceHttpRequestHandler]
[2021-01-19T00:29:15.015Z] [org.springframework.web.servlet.handler.AbstractUrlHandlerMapping] [main] [362] [INFO ] Mapped URL path [/**/favicon.ico] onto handler of type [class org.springframework.web.servlet.resource.ResourceHttpRequestHandler]
[2021-01-19T00:29:15.015Z] [org.springframework.jmx.export.MBeanExporter] [main] [431] [INFO ] Registering beans for JMX exposure on startup
[2021-01-19T00:29:15.015Z] [org.apache.juli.logging.DirectJDKLog] [main] [179] [INFO ] Initializing ProtocolHandler ["http-nio-9040"]
[2021-01-19T00:29:15.015Z] [org.apache.juli.logging.DirectJDKLog] [main] [179] [INFO ] Starting ProtocolHandler ["http-nio-9040"]
[2021-01-19T00:29:15.015Z] [org.apache.juli.logging.DirectJDKLog] [main] [179] [INFO ] Using a shared selector for servlet write/read
[2021-01-19T00:29:15.015Z] [org.springframework.boot.context.embedded.tomcat.TomcatEmbeddedServletContainer] [main] [201] [INFO ] Tomcat started on port(s): 9040 (http)
[2021-01-19T00:29:15.015Z] [org.springframework.boot.StartupInfoLogger] [main] [57] [INFO ] Started LogbackLoggingApplication in 2.282 seconds (JVM running for 3.515)
[2021-01-19T00:29:23.023Z] [org.apache.juli.logging.DirectJDKLog] [http-nio-9040-exec-1] [179] [INFO ] Initializing Spring FrameworkServlet 'dispatcherServlet'
[2021-01-19T00:29:23.023Z] [org.springframework.web.servlet.FrameworkServlet] [http-nio-9040-exec-1] [489] [INFO ] FrameworkServlet 'dispatcherServlet': initialization started
[2021-01-19T00:29:23.023Z] [org.springframework.web.servlet.FrameworkServlet] [http-nio-9040-exec-1] [508] [INFO ] FrameworkServlet 'dispatcherServlet': initialization completed in 21 ms
[2021-01-19T00:29:23.023Z] [com.example.demo.LogbackLoggingApplication] [http-nio-9040-exec-1] [20] [INFO ] Index API is calling Start
[2021-01-19T00:29:23.023Z] [com.example.demo.LogbackLoggingApplication] [http-nio-9040-exec-1] [22] [INFO ] Index API is calling End
[2021-01-19T00:29:45.045Z] [org.springframework.boot.admin.SpringApplicationAdminMXBeanRegistrar$SpringApplicationAdmin] [RMI TCP Connection(9)-127.0.0.1] [125] [INFO ] Application shutdown requested.
[2021-01-19T00:29:45.045Z] [org.springframework.context.support.AbstractApplicationContext] [RMI TCP Connection(9)-127.0.0.1] [984] [INFO ] Closing org.springframework.boot.context.embedded.AnnotationConfigEmbeddedWebApplicationContext@55a1c291: startup date [Tue Jan 19 00:29:13 IST 2021]; root of context hierarchy
[2021-01-19T00:29:45.045Z] [org.springframework.jmx.export.MBeanExporter] [RMI TCP Connection(9)-127.0.0.1] [449] [INFO ] Unregistering JMX-exposed beans on shutdown
